<?xml version="1.0" encoding="UTF-8"?>
<testsuite name="com.kodilla.testing.collection.CollectionTestSuite" tests="2" skipped="0" failures="0" errors="0" timestamp="2020-12-13T20:59:14" hostname="MacBook-Air-Sandra.local" time="0.027">
  <properties/>
  <testcase name="testOddNumbersExterminatorEmptyList" classname="com.kodilla.testing.collection.CollectionTestSuite" time="0.023"/>
  <testcase name="testOddNumbersExterminatorNormalList" classname="com.kodilla.testing.collection.CollectionTestSuite" time="0.004"/>
  <system-out><![CDATA[Test Case: test #1 begin
testing result: true
Test Case: OK
Test Case: test #2 begin
testing result: [2, 4, 56, 64]
Test Case: OK
]]></system-out>
  <system-err><![CDATA[]]></system-err>
</testsuite>
