<?xml version="1.0" encoding="UTF-8"?>
<testsuite name="Test for posts" tests="4" skipped="0" failures="0" errors="0" timestamp="2020-12-23T18:38:27" hostname="MacBook-Air-Sandra.local" time="0.018">
  <properties/>
  <testcase name="testRemovePostNotExisting()" classname="com.kodilla.testing.forum.tdd.ForumTestSuite$TestPosts" time="0.004"/>
  <testcase name="testAddPost()" classname="com.kodilla.testing.forum.tdd.ForumTestSuite$TestPosts" time="0.002"/>
  <testcase name="testGetPost()" classname="com.kodilla.testing.forum.tdd.ForumTestSuite$TestPosts" time="0.004"/>
  <testcase name="testRemovePost()" classname="com.kodilla.testing.forum.tdd.ForumTestSuite$TestPosts" time="0.002"/>
  <system-out><![CDATA[Preparing to execute test #5
Preparing to execute test #6
Preparing to execute test #7
Preparing to execute test #8
]]></system-out>
  <system-err><![CDATA[]]></system-err>
</testsuite>
