<?xml version="1.0" encoding="UTF-8"?>
<testsuite name="com.kodilla.testing.weather.mock.WeatherForecastTestSuite" tests="5" skipped="0" failures="0" errors="0" timestamp="2021-02-17T19:02:42" hostname="iMac-Sandra.local" time="0.022">
  <properties/>
  <testcase name="testCalculateMedianEvenSize()" classname="com.kodilla.testing.weather.mock.WeatherForecastTestSuite" time="0.013"/>
  <testcase name="testCalculateMedianOddSize()" classname="com.kodilla.testing.weather.mock.WeatherForecastTestSuite" time="0.001"/>
  <testcase name="testCalculateAvgZeroElems()" classname="com.kodilla.testing.weather.mock.WeatherForecastTestSuite" time="0.002"/>
  <testcase name="testCalculateForecastWithMock()" classname="com.kodilla.testing.weather.mock.WeatherForecastTestSuite" time="0.002"/>
  <testcase name="testCalculateAvg()" classname="com.kodilla.testing.weather.mock.WeatherForecastTestSuite" time="0.002"/>
  <system-out><![CDATA[]]></system-out>
  <system-err><![CDATA[]]></system-err>
</testsuite>
