<?xml version="1.0" encoding="UTF-8"?>
<testsuite name="com.kodilla.testing.weather.mock.WeatherForecastTestSuite" tests="5" skipped="0" failures="0" errors="0" timestamp="2020-12-23T18:38:27" hostname="MacBook-Air-Sandra.local" time="0.132">
  <properties/>
  <testcase name="testCalculateMedianEvenSize()" classname="com.kodilla.testing.weather.mock.WeatherForecastTestSuite" time="0.076"/>
  <testcase name="testCalculateMedianOddSize()" classname="com.kodilla.testing.weather.mock.WeatherForecastTestSuite" time="0.003"/>
  <testcase name="testCalculateAvgZeroElems()" classname="com.kodilla.testing.weather.mock.WeatherForecastTestSuite" time="0.038"/>
  <testcase name="testCalculateForecastWithMock()" classname="com.kodilla.testing.weather.mock.WeatherForecastTestSuite" time="0.003"/>
  <testcase name="testCalculateAvg()" classname="com.kodilla.testing.weather.mock.WeatherForecastTestSuite" time="0.003"/>
  <system-out><![CDATA[]]></system-out>
  <system-err><![CDATA[]]></system-err>
</testsuite>
