<?xml version="1.0" encoding="UTF-8"?>
<testsuite name="com.kodilla.exception.test.SecondChallengeTestSuite" tests="4" skipped="0" failures="0" errors="0" timestamp="2021-01-03T14:45:46" hostname="iMac-Sandra.local" time="0.021">
  <properties/>
  <testcase name="testProbablyIWillThrowException1()" classname="com.kodilla.exception.test.SecondChallengeTestSuite" time="0.015"/>
  <testcase name="testProbablyIWillThrowException2()" classname="com.kodilla.exception.test.SecondChallengeTestSuite" time="0.001"/>
  <testcase name="testProbablyIWillThrowException3()" classname="com.kodilla.exception.test.SecondChallengeTestSuite" time="0.001"/>
  <testcase name="testProbablyIWillThrowException4()" classname="com.kodilla.exception.test.SecondChallengeTestSuite" time="0.002"/>
  <system-out><![CDATA[]]></system-out>
  <system-err><![CDATA[]]></system-err>
</testsuite>
